{"total": {"lines":{"total":264,"covered":116,"skipped":0,"pct":43.93},"statements":{"total":289,"covered":125,"skipped":0,"pct":43.25},"functions":{"total":48,"covered":24,"skipped":0,"pct":50},"branches":{"total":202,"covered":80,"skipped":0,"pct":39.6},"branchesTrue":{"total":0,"covered":0,"skipped":0,"pct":100}}
,"/mnt/ext2/code/prompts/github/forks/windows-sign/src/ambient.d.ts": {"lines":{"total":0,"covered":0,"skipped":0,"pct":100},"functions":{"total":0,"covered":0,"skipped":0,"pct":100},"statements":{"total":0,"covered":0,"skipped":0,"pct":100},"branches":{"total":0,"covered":0,"skipped":0,"pct":100}}
,"/mnt/ext2/code/prompts/github/forks/windows-sign/src/files.ts": {"lines":{"total":29,"covered":29,"skipped":0,"pct":100},"functions":{"total":4,"covered":4,"skipped":0,"pct":100},"statements":{"total":30,"covered":30,"skipped":0,"pct":100},"branches":{"total":17,"covered":16,"skipped":0,"pct":94.11}}
,"/mnt/ext2/code/prompts/github/forks/windows-sign/src/sea.ts": {"lines":{"total":61,"covered":0,"skipped":0,"pct":0},"functions":{"total":9,"covered":0,"skipped":0,"pct":0},"statements":{"total":61,"covered":0,"skipped":0,"pct":0},"branches":{"total":13,"covered":0,"skipped":0,"pct":0}}
,"/mnt/ext2/code/prompts/github/forks/windows-sign/src/sign-with-hook.ts": {"lines":{"total":44,"covered":16,"skipped":0,"pct":36.36},"functions":{"total":13,"covered":4,"skipped":0,"pct":30.76},"statements":{"total":56,"covered":16,"skipped":0,"pct":28.57},"branches":{"total":54,"covered":18,"skipped":0,"pct":33.33}}
,"/mnt/ext2/code/prompts/github/forks/windows-sign/src/sign-with-signtool.ts": {"lines":{"total":53,"covered":0,"skipped":0,"pct":0},"functions":{"total":3,"covered":0,"skipped":0,"pct":0},"statements":{"total":53,"covered":0,"skipped":0,"pct":0},"branches":{"total":57,"covered":0,"skipped":0,"pct":0}}
,"/mnt/ext2/code/prompts/github/forks/windows-sign/src/sign.ts": {"lines":{"total":19,"covered":19,"skipped":0,"pct":100},"functions":{"total":1,"covered":1,"skipped":0,"pct":100},"statements":{"total":19,"covered":19,"skipped":0,"pct":100},"branches":{"total":10,"covered":10,"skipped":0,"pct":100}}
,"/mnt/ext2/code/prompts/github/forks/windows-sign/src/spawn.ts": {"lines":{"total":42,"covered":36,"skipped":0,"pct":85.71},"functions":{"total":15,"covered":12,"skipped":0,"pct":80},"statements":{"total":54,"covered":44,"skipped":0,"pct":81.48},"branches":{"total":38,"covered":24,"skipped":0,"pct":63.15}}
,"/mnt/ext2/code/prompts/github/forks/windows-sign/src/types.ts": {"lines":{"total":0,"covered":0,"skipped":0,"pct":100},"functions":{"total":0,"covered":0,"skipped":0,"pct":100},"statements":{"total":0,"covered":0,"skipped":0,"pct":100},"branches":{"total":0,"covered":0,"skipped":0,"pct":100}}
,"/mnt/ext2/code/prompts/github/forks/windows-sign/src/utils/log.ts": {"lines":{"total":8,"covered":8,"skipped":0,"pct":100},"functions":{"total":2,"covered":2,"skipped":0,"pct":100},"statements":{"total":8,"covered":8,"skipped":0,"pct":100},"branches":{"total":7,"covered":6,"skipped":0,"pct":85.71}}
,"/mnt/ext2/code/prompts/github/forks/windows-sign/src/utils/parse-env.ts": {"lines":{"total":8,"covered":8,"skipped":0,"pct":100},"functions":{"total":1,"covered":1,"skipped":0,"pct":100},"statements":{"total":8,"covered":8,"skipped":0,"pct":100},"branches":{"total":6,"covered":6,"skipped":0,"pct":100}}
}
